[ERROR] Failed to execute goal org.apache.maven.plugins:maven-assembly-plugin:2.2-beta-5:single (make-assembly) on project SparkProject: Execution make-assembly of goal org.apache.maven.plugins:maven-assembly-plugin:2.2-beta-5:single failed: Plugin org.apache.maven.plugins:maven-assembly-plugin:2.2-beta-5 or one of its dependencies could not be resolved: Failed to collect dependencies at org.apache.maven.plugins:maven-assembly-plugin:jar:2.2-beta-5 -> org.apache.maven.shared:maven-common-artifact-filters:jar:1.1: Failed to read artifact descriptor for org.apache.maven.shared:maven-common-artifact-filters:jar:1.1: Could not transfer artifact org.apache.maven.shared:maven-common-artifact-filters:pom:1.1 from/to central (https://repo.maven.apache.org/maven2): RSA premaster secret error: SunTls12RsaPremasterSecret KeyGenerator not available -> [Help 1]
[ERROR] 